2023-02-04 20:09:25,884 - mmcls - INFO - Environment info:
------------------------------------------------------------
sys.platform: linux
Python: 3.7.10 (default, Jun  4 2021, 14:48:32) [GCC 7.5.0]
CUDA available: True
GPU 0: NVIDIA GeForce RTX 3060
CUDA_HOME: /usr/local/cuda
NVCC: Cuda compilation tools, release 11.2, V11.2.152
GCC: gcc (Ubuntu 9.3.0-17ubuntu1~20.04) 9.3.0
PyTorch: 1.10.0+cu113
PyTorch compiling details: PyTorch built with:
  - GCC 7.3
  - C++ Version: 201402
  - Intel(R) Math Kernel Library Version 2020.0.0 Product Build 20191122 for Intel(R) 64 architecture applications
  - Intel(R) MKL-DNN v2.2.3 (Git Hash 7336ca9f055cf1bfa13efb658fe15dc9b41f0740)
  - OpenMP 201511 (a.k.a. OpenMP 4.5)
  - LAPACK is enabled (usually provided by MKL)
  - NNPACK is enabled
  - CPU capability usage: AVX2
  - CUDA Runtime 11.3
  - NVCC architecture flags: -gencode;arch=compute_37,code=sm_37;-gencode;arch=compute_50,code=sm_50;-gencode;arch=compute_60,code=sm_60;-gencode;arch=compute_70,code=sm_70;-gencode;arch=compute_75,code=sm_75;-gencode;arch=compute_80,code=sm_80;-gencode;arch=compute_86,code=sm_86
  - CuDNN 8.2
  - Magma 2.5.2
  - Build settings: BLAS_INFO=mkl, BUILD_TYPE=Release, CUDA_VERSION=11.3, CUDNN_VERSION=8.2.0, CXX_COMPILER=/opt/rh/devtoolset-7/root/usr/bin/c++, CXX_FLAGS= -Wno-deprecated -fvisibility-inlines-hidden -DUSE_PTHREADPOOL -fopenmp -DNDEBUG -DUSE_KINETO -DUSE_FBGEMM -DUSE_QNNPACK -DUSE_PYTORCH_QNNPACK -DUSE_XNNPACK -DSYMBOLICATE_MOBILE_DEBUG_HANDLE -DEDGE_PROFILER_USE_KINETO -O2 -fPIC -Wno-narrowing -Wall -Wextra -Werror=return-type -Wno-missing-field-initializers -Wno-type-limits -Wno-array-bounds -Wno-unknown-pragmas -Wno-sign-compare -Wno-unused-parameter -Wno-unused-variable -Wno-unused-function -Wno-unused-result -Wno-unused-local-typedefs -Wno-strict-overflow -Wno-strict-aliasing -Wno-error=deprecated-declarations -Wno-stringop-overflow -Wno-psabi -Wno-error=pedantic -Wno-error=redundant-decls -Wno-error=old-style-cast -fdiagnostics-color=always -faligned-new -Wno-unused-but-set-variable -Wno-maybe-uninitialized -fno-math-errno -fno-trapping-math -Werror=format -Wno-stringop-overflow, LAPACK_INFO=mkl, PERF_WITH_AVX=1, PERF_WITH_AVX2=1, PERF_WITH_AVX512=1, TORCH_VERSION=1.10.0, USE_CUDA=ON, USE_CUDNN=ON, USE_EXCEPTION_PTR=1, USE_GFLAGS=OFF, USE_GLOG=OFF, USE_MKL=ON, USE_MKLDNN=ON, USE_MPI=OFF, USE_NCCL=ON, USE_NNPACK=ON, USE_OPENMP=ON, 

TorchVision: 0.11.1+cu113
OpenCV: 4.5.4
MMCV: 1.7.1
MMCV Compiler: GCC 9.3
MMCV CUDA Compiler: 11.3
MMClassification: 0.25.0+
------------------------------------------------------------

2023-02-04 20:09:25,885 - mmcls - INFO - Distributed training: False
2023-02-04 20:09:26,018 - mmcls - INFO - Config:
model = dict(
    type='ImageClassifier',
    backbone=dict(
        type='ResNet',
        depth=18,
        num_stages=4,
        out_indices=(3, ),
        style='pytorch'),
    neck=dict(type='GlobalAveragePooling'),
    head=dict(
        type='LinearClsHead',
        num_classes=5,
        in_channels=512,
        loss=dict(type='CrossEntropyLoss', loss_weight=1.0),
        topk=(1, 5)))
data = dict(
    samples_per_gpu=32,
    workers_per_gpu=2,
    train=dict(
        type='CustomDataset',
        data_prefix='../data/flower_dataset/train',
        pipeline=[
            dict(type='LoadImageFromFile'),
            dict(type='RandomResizedCrop', size=224),
            dict(type='RandomFlip', flip_prob=0.5, direction='horizontal'),
            dict(
                type='Normalize',
                mean=[123.675, 116.28, 103.53],
                std=[58.395, 57.12, 57.375],
                to_rgb=True),
            dict(type='ImageToTensor', keys=['img']),
            dict(type='ToTensor', keys=['gt_label']),
            dict(type='Collect', keys=['img', 'gt_label'])
        ]),
    val=dict(
        type='CustomDataset',
        data_prefix='../data/flower_dataset/val',
        ann_file='../data/flower_dataset/val.txt',
        pipeline=[
            dict(type='LoadImageFromFile'),
            dict(type='Resize', size=(256, -1)),
            dict(type='CenterCrop', crop_size=224),
            dict(
                type='Normalize',
                mean=[123.675, 116.28, 103.53],
                std=[58.395, 57.12, 57.375],
                to_rgb=True),
            dict(type='ImageToTensor', keys=['img']),
            dict(type='Collect', keys=['img'])
        ]),
    test=dict(
        type='CustomDataset',
        data_prefix='../data/flower_dataset/val',
        ann_file='../data/flower_dataset/val.txt',
        pipeline=[
            dict(type='LoadImageFromFile'),
            dict(type='Resize', size=(256, -1)),
            dict(type='CenterCrop', crop_size=224),
            dict(
                type='Normalize',
                mean=[123.675, 116.28, 103.53],
                std=[58.395, 57.12, 57.375],
                to_rgb=True),
            dict(type='ImageToTensor', keys=['img']),
            dict(type='Collect', keys=['img'])
        ]))
evaluation = dict(interval=1, metric='accuracy')
optimizer = dict(type='SGD', lr=0.0125, momentum=0.9, weight_decay=0.0001)
optimizer_config = dict(grad_clip=None)
lr_config = dict(policy='step', step=[30, 60, 90])
runner = dict(type='EpochBasedRunner', max_epochs=10)
checkpoint_config = dict(interval=5)
log_config = dict(interval=20, hooks=[dict(type='TextLoggerHook')])
dist_params = dict(backend='nccl')
log_level = 'INFO'
load_from = 'resnet18_8xb32_in1k_20210831-fbbb1da6.pth'
resume_from = None
workflow = [('train', 1)]
work_dir = './work_dirs/resnet18_8xb32_in1k'
gpu_ids = range(0, 1)

2023-02-04 20:09:26,019 - mmcls - INFO - Set random seed to 481498287, deterministic: False
2023-02-04 20:09:41,084 - mmcls - INFO - load checkpoint from local path: resnet18_8xb32_in1k_20210831-fbbb1da6.pth
2023-02-04 20:09:41,135 - mmcls - WARNING - The model and loaded state dict do not match exactly

size mismatch for head.fc.weight: copying a param with shape torch.Size([1000, 512]) from checkpoint, the shape in current model is torch.Size([5, 512]).
size mismatch for head.fc.bias: copying a param with shape torch.Size([1000]) from checkpoint, the shape in current model is torch.Size([5]).
2023-02-04 20:09:41,136 - mmcls - INFO - Start running, host: featurize@featurize, work_dir: /home/featurize/work/OpenMMlab_AI_2023.2/run/work_dirs/resnet18_8xb32_in1k
2023-02-04 20:09:41,136 - mmcls - INFO - Hooks will be executed in the following order:
before_run:
(VERY_HIGH   ) StepLrUpdaterHook                  
(NORMAL      ) CheckpointHook                     
(LOW         ) EvalHook                           
(VERY_LOW    ) TextLoggerHook                     
 -------------------- 
before_train_epoch:
(VERY_HIGH   ) StepLrUpdaterHook                  
(LOW         ) IterTimerHook                      
(LOW         ) EvalHook                           
(VERY_LOW    ) TextLoggerHook                     
 -------------------- 
before_train_iter:
(VERY_HIGH   ) StepLrUpdaterHook                  
(LOW         ) IterTimerHook                      
(LOW         ) EvalHook                           
 -------------------- 
after_train_iter:
(ABOVE_NORMAL) OptimizerHook                      
(NORMAL      ) CheckpointHook                     
(LOW         ) IterTimerHook                      
(LOW         ) EvalHook                           
(VERY_LOW    ) TextLoggerHook                     
 -------------------- 
after_train_epoch:
(NORMAL      ) CheckpointHook                     
(LOW         ) EvalHook                           
(VERY_LOW    ) TextLoggerHook                     
 -------------------- 
before_val_epoch:
(LOW         ) IterTimerHook                      
(VERY_LOW    ) TextLoggerHook                     
 -------------------- 
before_val_iter:
(LOW         ) IterTimerHook                      
 -------------------- 
after_val_iter:
(LOW         ) IterTimerHook                      
 -------------------- 
after_val_epoch:
(VERY_LOW    ) TextLoggerHook                     
 -------------------- 
after_run:
(VERY_LOW    ) TextLoggerHook                     
 -------------------- 
2023-02-04 20:09:41,136 - mmcls - INFO - workflow: [('train', 1)], max: 10 epochs
2023-02-04 20:09:41,136 - mmcls - INFO - Checkpoints will be saved to /home/featurize/work/OpenMMlab_AI_2023.2/run/work_dirs/resnet18_8xb32_in1k by HardDiskBackend.
2023-02-04 20:09:46,570 - mmcls - INFO - Epoch [1][20/72]	lr: 1.250e-02, eta: 0:03:09, time: 0.270, data_time: 0.198, memory: 880, loss: 0.7236
2023-02-04 20:09:48,475 - mmcls - INFO - Epoch [1][40/72]	lr: 1.250e-02, eta: 0:02:04, time: 0.095, data_time: 0.049, memory: 880, loss: 0.8592
2023-02-04 20:09:50,820 - mmcls - INFO - Epoch [1][60/72]	lr: 1.250e-02, eta: 0:01:46, time: 0.118, data_time: 0.070, memory: 880, loss: 0.8590
2023-02-04 20:09:53,742 - mmcls - INFO - Epoch(val) [1][18]	accuracy_top-1: 21.4789, accuracy_top-5: 100.0000
2023-02-04 20:09:57,330 - mmcls - INFO - Epoch [2][20/72]	lr: 1.250e-02, eta: 0:01:30, time: 0.178, data_time: 0.131, memory: 880, loss: 0.8414
2023-02-04 20:09:58,664 - mmcls - INFO - Epoch [2][40/72]	lr: 1.250e-02, eta: 0:01:19, time: 0.067, data_time: 0.017, memory: 880, loss: 0.7836
2023-02-04 20:09:59,970 - mmcls - INFO - Epoch [2][60/72]	lr: 1.250e-02, eta: 0:01:10, time: 0.065, data_time: 0.004, memory: 880, loss: 0.6406
2023-02-04 20:10:01,947 - mmcls - INFO - Epoch(val) [2][18]	accuracy_top-1: 22.3592, accuracy_top-5: 100.0000
2023-02-04 20:10:05,428 - mmcls - INFO - Epoch [3][20/72]	lr: 1.250e-02, eta: 0:01:05, time: 0.173, data_time: 0.116, memory: 880, loss: 0.6003
2023-02-04 20:10:06,667 - mmcls - INFO - Epoch [3][40/72]	lr: 1.250e-02, eta: 0:00:59, time: 0.062, data_time: 0.003, memory: 880, loss: 0.5229
2023-02-04 20:10:07,914 - mmcls - INFO - Epoch [3][60/72]	lr: 1.250e-02, eta: 0:00:55, time: 0.062, data_time: 0.006, memory: 880, loss: 0.5233
2023-02-04 20:10:09,887 - mmcls - INFO - Epoch(val) [3][18]	accuracy_top-1: 19.8944, accuracy_top-5: 100.0000
2023-02-04 20:10:13,351 - mmcls - INFO - Epoch [4][20/72]	lr: 1.250e-02, eta: 0:00:51, time: 0.172, data_time: 0.118, memory: 880, loss: 0.4494
2023-02-04 20:10:14,624 - mmcls - INFO - Epoch [4][40/72]	lr: 1.250e-02, eta: 0:00:48, time: 0.063, data_time: 0.005, memory: 880, loss: 0.4497
2023-02-04 20:10:15,864 - mmcls - INFO - Epoch [4][60/72]	lr: 1.250e-02, eta: 0:00:44, time: 0.062, data_time: 0.002, memory: 880, loss: 0.3767
2023-02-04 20:10:17,820 - mmcls - INFO - Epoch(val) [4][18]	accuracy_top-1: 19.5423, accuracy_top-5: 100.0000
2023-02-04 20:10:21,284 - mmcls - INFO - Epoch [5][20/72]	lr: 1.250e-02, eta: 0:00:41, time: 0.172, data_time: 0.120, memory: 880, loss: 0.2964
2023-02-04 20:10:22,547 - mmcls - INFO - Epoch [5][40/72]	lr: 1.250e-02, eta: 0:00:38, time: 0.063, data_time: 0.008, memory: 880, loss: 0.2886
2023-02-04 20:10:23,861 - mmcls - INFO - Epoch [5][60/72]	lr: 1.250e-02, eta: 0:00:36, time: 0.066, data_time: 0.008, memory: 880, loss: 0.3214
2023-02-04 20:10:24,594 - mmcls - INFO - Saving checkpoint at 5 epochs
2023-02-04 20:10:26,255 - mmcls - INFO - Epoch(val) [5][18]	accuracy_top-1: 19.5423, accuracy_top-5: 100.0000
2023-02-04 20:10:29,682 - mmcls - INFO - Epoch [6][20/72]	lr: 1.250e-02, eta: 0:00:33, time: 0.170, data_time: 0.118, memory: 880, loss: 0.3115
2023-02-04 20:10:31,056 - mmcls - INFO - Epoch [6][40/72]	lr: 1.250e-02, eta: 0:00:30, time: 0.069, data_time: 0.023, memory: 880, loss: 0.3347
2023-02-04 20:10:32,323 - mmcls - INFO - Epoch [6][60/72]	lr: 1.250e-02, eta: 0:00:28, time: 0.063, data_time: 0.008, memory: 880, loss: 0.2970
2023-02-04 20:10:34,300 - mmcls - INFO - Epoch(val) [6][18]	accuracy_top-1: 20.9507, accuracy_top-5: 100.0000
2023-02-04 20:10:37,803 - mmcls - INFO - Epoch [7][20/72]	lr: 1.250e-02, eta: 0:00:25, time: 0.174, data_time: 0.121, memory: 880, loss: 0.2383
2023-02-04 20:10:39,066 - mmcls - INFO - Epoch [7][40/72]	lr: 1.250e-02, eta: 0:00:23, time: 0.063, data_time: 0.010, memory: 880, loss: 0.2680
2023-02-04 20:10:40,322 - mmcls - INFO - Epoch [7][60/72]	lr: 1.250e-02, eta: 0:00:21, time: 0.063, data_time: 0.009, memory: 880, loss: 0.2660
2023-02-04 20:10:42,244 - mmcls - INFO - Epoch(val) [7][18]	accuracy_top-1: 13.5563, accuracy_top-5: 100.0000
2023-02-04 20:10:45,684 - mmcls - INFO - Epoch [8][20/72]	lr: 1.250e-02, eta: 0:00:18, time: 0.171, data_time: 0.115, memory: 880, loss: 0.4033
2023-02-04 20:10:46,993 - mmcls - INFO - Epoch [8][40/72]	lr: 1.250e-02, eta: 0:00:16, time: 0.065, data_time: 0.014, memory: 880, loss: 0.3151
2023-02-04 20:10:48,257 - mmcls - INFO - Epoch [8][60/72]	lr: 1.250e-02, eta: 0:00:14, time: 0.063, data_time: 0.010, memory: 880, loss: 0.2697
2023-02-04 20:10:50,243 - mmcls - INFO - Epoch(val) [8][18]	accuracy_top-1: 19.8944, accuracy_top-5: 100.0000
2023-02-04 20:10:53,704 - mmcls - INFO - Epoch [9][20/72]	lr: 1.250e-02, eta: 0:00:11, time: 0.172, data_time: 0.124, memory: 880, loss: 0.2503
2023-02-04 20:10:54,976 - mmcls - INFO - Epoch [9][40/72]	lr: 1.250e-02, eta: 0:00:09, time: 0.064, data_time: 0.016, memory: 880, loss: 0.2160
2023-02-04 20:10:56,276 - mmcls - INFO - Epoch [9][60/72]	lr: 1.250e-02, eta: 0:00:07, time: 0.065, data_time: 0.014, memory: 880, loss: 0.2226
2023-02-04 20:10:58,238 - mmcls - INFO - Epoch(val) [9][18]	accuracy_top-1: 20.2465, accuracy_top-5: 100.0000
2023-02-04 20:11:01,724 - mmcls - INFO - Epoch [10][20/72]	lr: 1.250e-02, eta: 0:00:04, time: 0.173, data_time: 0.121, memory: 880, loss: 0.2934
2023-02-04 20:11:02,971 - mmcls - INFO - Epoch [10][40/72]	lr: 1.250e-02, eta: 0:00:02, time: 0.062, data_time: 0.006, memory: 880, loss: 0.3346
2023-02-04 20:11:04,234 - mmcls - INFO - Epoch [10][60/72]	lr: 1.250e-02, eta: 0:00:01, time: 0.063, data_time: 0.008, memory: 880, loss: 0.2470
2023-02-04 20:11:05,040 - mmcls - INFO - Saving checkpoint at 10 epochs
2023-02-04 20:11:06,524 - mmcls - INFO - Epoch(val) [10][18]	accuracy_top-1: 20.5986, accuracy_top-5: 100.0000
