2023-02-08 16:24:10,617 - mmdet - INFO - Environment info:
------------------------------------------------------------
sys.platform: linux
Python: 3.7.10 (default, Jun  4 2021, 14:48:32) [GCC 7.5.0]
CUDA available: True
GPU 0: NVIDIA GeForce RTX 3060
CUDA_HOME: /usr/local/cuda
NVCC: Cuda compilation tools, release 11.2, V11.2.152
GCC: gcc (Ubuntu 9.3.0-17ubuntu1~20.04) 9.3.0
PyTorch: 1.10.0+cu113
PyTorch compiling details: PyTorch built with:
  - GCC 7.3
  - C++ Version: 201402
  - Intel(R) Math Kernel Library Version 2020.0.0 Product Build 20191122 for Intel(R) 64 architecture applications
  - Intel(R) MKL-DNN v2.2.3 (Git Hash 7336ca9f055cf1bfa13efb658fe15dc9b41f0740)
  - OpenMP 201511 (a.k.a. OpenMP 4.5)
  - LAPACK is enabled (usually provided by MKL)
  - NNPACK is enabled
  - CPU capability usage: AVX2
  - CUDA Runtime 11.3
  - NVCC architecture flags: -gencode;arch=compute_37,code=sm_37;-gencode;arch=compute_50,code=sm_50;-gencode;arch=compute_60,code=sm_60;-gencode;arch=compute_70,code=sm_70;-gencode;arch=compute_75,code=sm_75;-gencode;arch=compute_80,code=sm_80;-gencode;arch=compute_86,code=sm_86
  - CuDNN 8.2
  - Magma 2.5.2
  - Build settings: BLAS_INFO=mkl, BUILD_TYPE=Release, CUDA_VERSION=11.3, CUDNN_VERSION=8.2.0, CXX_COMPILER=/opt/rh/devtoolset-7/root/usr/bin/c++, CXX_FLAGS= -Wno-deprecated -fvisibility-inlines-hidden -DUSE_PTHREADPOOL -fopenmp -DNDEBUG -DUSE_KINETO -DUSE_FBGEMM -DUSE_QNNPACK -DUSE_PYTORCH_QNNPACK -DUSE_XNNPACK -DSYMBOLICATE_MOBILE_DEBUG_HANDLE -DEDGE_PROFILER_USE_KINETO -O2 -fPIC -Wno-narrowing -Wall -Wextra -Werror=return-type -Wno-missing-field-initializers -Wno-type-limits -Wno-array-bounds -Wno-unknown-pragmas -Wno-sign-compare -Wno-unused-parameter -Wno-unused-variable -Wno-unused-function -Wno-unused-result -Wno-unused-local-typedefs -Wno-strict-overflow -Wno-strict-aliasing -Wno-error=deprecated-declarations -Wno-stringop-overflow -Wno-psabi -Wno-error=pedantic -Wno-error=redundant-decls -Wno-error=old-style-cast -fdiagnostics-color=always -faligned-new -Wno-unused-but-set-variable -Wno-maybe-uninitialized -fno-math-errno -fno-trapping-math -Werror=format -Wno-stringop-overflow, LAPACK_INFO=mkl, PERF_WITH_AVX=1, PERF_WITH_AVX2=1, PERF_WITH_AVX512=1, TORCH_VERSION=1.10.0, USE_CUDA=ON, USE_CUDNN=ON, USE_EXCEPTION_PTR=1, USE_GFLAGS=OFF, USE_GLOG=OFF, USE_MKL=ON, USE_MKLDNN=ON, USE_MPI=OFF, USE_NCCL=ON, USE_NNPACK=ON, USE_OPENMP=ON, 

TorchVision: 0.11.1+cu113
OpenCV: 4.5.4
MMCV: 1.7.1
MMCV Compiler: GCC 9.3
MMCV CUDA Compiler: 11.3
MMDetection: 2.28.1+
------------------------------------------------------------

2023-02-08 16:24:11,019 - mmdet - INFO - Distributed training: False
2023-02-08 16:24:11,314 - mmdet - INFO - Config:
model = dict(
    type='MaskRCNN',
    backbone=dict(
        type='ResNet',
        depth=50,
        num_stages=4,
        out_indices=(0, 1, 2, 3),
        frozen_stages=1,
        norm_cfg=dict(type='BN', requires_grad=True),
        norm_eval=True,
        style='pytorch',
        init_cfg=dict(type='Pretrained', checkpoint='torchvision://resnet50')),
    neck=dict(
        type='FPN',
        in_channels=[256, 512, 1024, 2048],
        out_channels=256,
        num_outs=5),
    rpn_head=dict(
        type='RPNHead',
        in_channels=256,
        feat_channels=256,
        anchor_generator=dict(
            type='AnchorGenerator',
            scales=[8],
            ratios=[0.5, 1.0, 2.0],
            strides=[4, 8, 16, 32, 64]),
        bbox_coder=dict(
            type='DeltaXYWHBBoxCoder',
            target_means=[0.0, 0.0, 0.0, 0.0],
            target_stds=[1.0, 1.0, 1.0, 1.0]),
        loss_cls=dict(
            type='CrossEntropyLoss', use_sigmoid=True, loss_weight=1.0),
        loss_bbox=dict(type='L1Loss', loss_weight=1.0)),
    roi_head=dict(
        type='StandardRoIHead',
        bbox_roi_extractor=dict(
            type='SingleRoIExtractor',
            roi_layer=dict(type='RoIAlign', output_size=7, sampling_ratio=0),
            out_channels=256,
            featmap_strides=[4, 8, 16, 32]),
        bbox_head=dict(
            type='Shared2FCBBoxHead',
            in_channels=256,
            fc_out_channels=1024,
            roi_feat_size=7,
            num_classes=1,
            bbox_coder=dict(
                type='DeltaXYWHBBoxCoder',
                target_means=[0.0, 0.0, 0.0, 0.0],
                target_stds=[0.1, 0.1, 0.2, 0.2]),
            reg_class_agnostic=False,
            loss_cls=dict(
                type='CrossEntropyLoss', use_sigmoid=False, loss_weight=1.0),
            loss_bbox=dict(type='L1Loss', loss_weight=1.0)),
        mask_roi_extractor=dict(
            type='SingleRoIExtractor',
            roi_layer=dict(type='RoIAlign', output_size=14, sampling_ratio=0),
            out_channels=256,
            featmap_strides=[4, 8, 16, 32]),
        mask_head=dict(
            type='FCNMaskHead',
            num_convs=4,
            in_channels=256,
            conv_out_channels=256,
            num_classes=1,
            loss_mask=dict(
                type='CrossEntropyLoss', use_mask=True, loss_weight=1.0))),
    train_cfg=dict(
        rpn=dict(
            assigner=dict(
                type='MaxIoUAssigner',
                pos_iou_thr=0.7,
                neg_iou_thr=0.3,
                min_pos_iou=0.3,
                match_low_quality=True,
                ignore_iof_thr=-1),
            sampler=dict(
                type='RandomSampler',
                num=256,
                pos_fraction=0.5,
                neg_pos_ub=-1,
                add_gt_as_proposals=False),
            allowed_border=-1,
            pos_weight=-1,
            debug=False),
        rpn_proposal=dict(
            nms_pre=2000,
            max_per_img=1000,
            nms=dict(type='nms', iou_threshold=0.7),
            min_bbox_size=0),
        rcnn=dict(
            assigner=dict(
                type='MaxIoUAssigner',
                pos_iou_thr=0.5,
                neg_iou_thr=0.5,
                min_pos_iou=0.5,
                match_low_quality=True,
                ignore_iof_thr=-1),
            sampler=dict(
                type='RandomSampler',
                num=512,
                pos_fraction=0.25,
                neg_pos_ub=-1,
                add_gt_as_proposals=True),
            mask_size=28,
            pos_weight=-1,
            debug=False)),
    test_cfg=dict(
        rpn=dict(
            nms_pre=1000,
            max_per_img=1000,
            nms=dict(type='nms', iou_threshold=0.7),
            min_bbox_size=0),
        rcnn=dict(
            score_thr=0.05,
            nms=dict(type='nms', iou_threshold=0.5),
            max_per_img=100,
            mask_thr_binary=0.5)))
dataset_type = 'CocoDataset'
data_root = 'data/balloon/'
img_norm_cfg = dict(
    mean=[123.675, 116.28, 103.53], std=[58.395, 57.12, 57.375], to_rgb=True)
train_pipeline = [
    dict(type='LoadImageFromFile'),
    dict(type='LoadAnnotations', with_bbox=True, with_mask=True),
    dict(type='Resize', img_scale=(1333, 800), keep_ratio=True),
    dict(type='RandomFlip', flip_ratio=0.5),
    dict(
        type='Normalize',
        mean=[123.675, 116.28, 103.53],
        std=[58.395, 57.12, 57.375],
        to_rgb=True),
    dict(type='Pad', size_divisor=32),
    dict(type='DefaultFormatBundle'),
    dict(type='Collect', keys=['img', 'gt_bboxes', 'gt_labels', 'gt_masks'])
]
test_pipeline = [
    dict(type='LoadImageFromFile'),
    dict(
        type='MultiScaleFlipAug',
        img_scale=(1333, 800),
        flip=False,
        transforms=[
            dict(type='Resize', keep_ratio=True),
            dict(type='RandomFlip'),
            dict(
                type='Normalize',
                mean=[123.675, 116.28, 103.53],
                std=[58.395, 57.12, 57.375],
                to_rgb=True),
            dict(type='Pad', size_divisor=32),
            dict(type='ImageToTensor', keys=['img']),
            dict(type='Collect', keys=['img'])
        ])
]
data = dict(
    samples_per_gpu=2,
    workers_per_gpu=2,
    train=dict(
        type='CocoDataset',
        ann_file='data/balloon/annotations/train.json',
        img_prefix='data/balloon/train',
        classes=('balloon', ),
        pipeline=[
            dict(type='LoadImageFromFile'),
            dict(type='LoadAnnotations', with_bbox=True, with_mask=True),
            dict(type='Resize', img_scale=(1333, 800), keep_ratio=True),
            dict(type='RandomFlip', flip_ratio=0.5),
            dict(
                type='Normalize',
                mean=[123.675, 116.28, 103.53],
                std=[58.395, 57.12, 57.375],
                to_rgb=True),
            dict(type='Pad', size_divisor=32),
            dict(type='DefaultFormatBundle'),
            dict(
                type='Collect',
                keys=['img', 'gt_bboxes', 'gt_labels', 'gt_masks'])
        ]),
    val=dict(
        type='CocoDataset',
        ann_file='data/balloon/annotations/val.json',
        img_prefix='data/balloon/val',
        classes=('balloon', ),
        pipeline=[
            dict(type='LoadImageFromFile'),
            dict(
                type='MultiScaleFlipAug',
                img_scale=(1333, 800),
                flip=False,
                transforms=[
                    dict(type='Resize', keep_ratio=True),
                    dict(type='RandomFlip'),
                    dict(
                        type='Normalize',
                        mean=[123.675, 116.28, 103.53],
                        std=[58.395, 57.12, 57.375],
                        to_rgb=True),
                    dict(type='Pad', size_divisor=32),
                    dict(type='ImageToTensor', keys=['img']),
                    dict(type='Collect', keys=['img'])
                ])
        ]),
    test=dict(
        type='CocoDataset',
        ann_file='data/balloon/annotations/val.json',
        img_prefix='data/balloon/val',
        classes=('balloon', ),
        pipeline=[
            dict(type='LoadImageFromFile'),
            dict(
                type='MultiScaleFlipAug',
                img_scale=(1333, 800),
                flip=False,
                transforms=[
                    dict(type='Resize', keep_ratio=True),
                    dict(type='RandomFlip'),
                    dict(
                        type='Normalize',
                        mean=[123.675, 116.28, 103.53],
                        std=[58.395, 57.12, 57.375],
                        to_rgb=True),
                    dict(type='Pad', size_divisor=32),
                    dict(type='ImageToTensor', keys=['img']),
                    dict(type='Collect', keys=['img'])
                ])
        ]))
evaluation = dict(metric=['bbox', 'segm'])
optimizer = dict(type='SGD', lr=0.0025, momentum=0.9, weight_decay=0.0001)
optimizer_config = dict(grad_clip=None)
lr_config = dict(
    policy='step',
    warmup='linear',
    warmup_iters=500,
    warmup_ratio=0.001,
    step=[16, 22])
runner = dict(type='EpochBasedRunner', max_epochs=10)
checkpoint_config = dict(interval=5)
log_config = dict(interval=10, hooks=[dict(type='TextLoggerHook')])
custom_hooks = [dict(type='NumClassCheckHook')]
dist_params = dict(backend='nccl')
log_level = 'INFO'
load_from = 'checkpoint/mask_rcnn_r50_fpn_2x_coco_bbox_mAP-0.392__segm_mAP-0.354_20200505_003907-3e542a40.pth'
resume_from = None
workflow = [('train', 1)]
opencv_num_threads = 0
mp_start_method = 'fork'
auto_scale_lr = dict(enable=False, base_batch_size=16)
work_dir = './work_dirs/balloon'
auto_resume = False
gpu_ids = range(0, 1)

2023-02-08 16:24:11,314 - mmdet - INFO - Set random seed to 1796114243, deterministic: False
2023-02-08 16:24:18,116 - mmdet - INFO - Automatic scaling of learning rate (LR) has been disabled.
2023-02-08 16:24:18,122 - mmdet - INFO - load checkpoint from local path: checkpoint/mask_rcnn_r50_fpn_2x_coco_bbox_mAP-0.392__segm_mAP-0.354_20200505_003907-3e542a40.pth
2023-02-08 16:24:18,385 - mmdet - WARNING - The model and loaded state dict do not match exactly

size mismatch for roi_head.bbox_head.fc_cls.weight: copying a param with shape torch.Size([81, 1024]) from checkpoint, the shape in current model is torch.Size([2, 1024]).
size mismatch for roi_head.bbox_head.fc_cls.bias: copying a param with shape torch.Size([81]) from checkpoint, the shape in current model is torch.Size([2]).
size mismatch for roi_head.bbox_head.fc_reg.weight: copying a param with shape torch.Size([320, 1024]) from checkpoint, the shape in current model is torch.Size([4, 1024]).
size mismatch for roi_head.bbox_head.fc_reg.bias: copying a param with shape torch.Size([320]) from checkpoint, the shape in current model is torch.Size([4]).
size mismatch for roi_head.mask_head.conv_logits.weight: copying a param with shape torch.Size([80, 256, 1, 1]) from checkpoint, the shape in current model is torch.Size([1, 256, 1, 1]).
size mismatch for roi_head.mask_head.conv_logits.bias: copying a param with shape torch.Size([80]) from checkpoint, the shape in current model is torch.Size([1]).
2023-02-08 16:24:18,390 - mmdet - INFO - Start running, host: featurize@featurize, work_dir: /home/featurize/work/OpenMMlab_AI_2023.2/run/work_dirs/balloon
2023-02-08 16:24:18,390 - mmdet - INFO - Hooks will be executed in the following order:
before_run:
(VERY_HIGH   ) StepLrUpdaterHook                  
(NORMAL      ) CheckpointHook                     
(LOW         ) EvalHook                           
(VERY_LOW    ) TextLoggerHook                     
 -------------------- 
before_train_epoch:
(VERY_HIGH   ) StepLrUpdaterHook                  
(NORMAL      ) NumClassCheckHook                  
(LOW         ) IterTimerHook                      
(LOW         ) EvalHook                           
(VERY_LOW    ) TextLoggerHook                     
 -------------------- 
before_train_iter:
(VERY_HIGH   ) StepLrUpdaterHook                  
(LOW         ) IterTimerHook                      
(LOW         ) EvalHook                           
 -------------------- 
after_train_iter:
(ABOVE_NORMAL) OptimizerHook                      
(NORMAL      ) CheckpointHook                     
(LOW         ) IterTimerHook                      
(LOW         ) EvalHook                           
(VERY_LOW    ) TextLoggerHook                     
 -------------------- 
after_train_epoch:
(NORMAL      ) CheckpointHook                     
(LOW         ) EvalHook                           
(VERY_LOW    ) TextLoggerHook                     
 -------------------- 
before_val_epoch:
(NORMAL      ) NumClassCheckHook                  
(LOW         ) IterTimerHook                      
(VERY_LOW    ) TextLoggerHook                     
 -------------------- 
before_val_iter:
(LOW         ) IterTimerHook                      
 -------------------- 
after_val_iter:
(LOW         ) IterTimerHook                      
 -------------------- 
after_val_epoch:
(VERY_LOW    ) TextLoggerHook                     
 -------------------- 
after_run:
(VERY_LOW    ) TextLoggerHook                     
 -------------------- 
2023-02-08 16:24:18,390 - mmdet - INFO - workflow: [('train', 1)], max: 10 epochs
2023-02-08 16:24:18,390 - mmdet - INFO - Checkpoints will be saved to /home/featurize/work/OpenMMlab_AI_2023.2/run/work_dirs/balloon by HardDiskBackend.
2023-02-08 16:24:25,413 - mmdet - INFO - Epoch [1][10/31]	lr: 4.746e-05, eta: 0:03:28, time: 0.695, data_time: 0.270, memory: 3730, loss_rpn_cls: 0.0583, loss_rpn_bbox: 0.0170, loss_cls: 0.6155, acc: 76.2207, loss_bbox: 0.4020, loss_mask: 5.9327, loss: 7.0255
2023-02-08 16:24:29,609 - mmdet - INFO - Epoch [1][20/31]	lr: 9.741e-05, eta: 0:02:41, time: 0.420, data_time: 0.025, memory: 3730, loss_rpn_cls: 0.0386, loss_rpn_bbox: 0.0103, loss_cls: 0.4794, acc: 93.1543, loss_bbox: 0.2320, loss_mask: 0.8637, loss: 1.6239
2023-02-08 16:24:34,003 - mmdet - INFO - Epoch [1][30/31]	lr: 1.474e-04, eta: 0:02:25, time: 0.439, data_time: 0.041, memory: 3733, loss_rpn_cls: 0.0899, loss_rpn_bbox: 0.0219, loss_cls: 0.3819, acc: 88.7793, loss_bbox: 0.4016, loss_mask: 0.4167, loss: 1.3119
2023-02-08 16:24:43,411 - mmdet - INFO - Evaluating bbox...
2023-02-08 16:24:43,578 - mmdet - INFO - 
 Average Precision  (AP) @[ IoU=0.50:0.95 | area=   all | maxDets=100 ] = 0.067
 Average Precision  (AP) @[ IoU=0.50      | area=   all | maxDets=1000 ] = 0.095
 Average Precision  (AP) @[ IoU=0.75      | area=   all | maxDets=1000 ] = 0.082
 Average Precision  (AP) @[ IoU=0.50:0.95 | area= small | maxDets=1000 ] = 0.000
 Average Precision  (AP) @[ IoU=0.50:0.95 | area=medium | maxDets=1000 ] = 0.027
 Average Precision  (AP) @[ IoU=0.50:0.95 | area= large | maxDets=1000 ] = 0.104
 Average Recall     (AR) @[ IoU=0.50:0.95 | area=   all | maxDets=100 ] = 0.612
 Average Recall     (AR) @[ IoU=0.50:0.95 | area=   all | maxDets=300 ] = 0.612
 Average Recall     (AR) @[ IoU=0.50:0.95 | area=   all | maxDets=1000 ] = 0.612
 Average Recall     (AR) @[ IoU=0.50:0.95 | area= small | maxDets=1000 ] = 0.000
 Average Recall     (AR) @[ IoU=0.50:0.95 | area=medium | maxDets=1000 ] = 0.458
 Average Recall     (AR) @[ IoU=0.50:0.95 | area= large | maxDets=1000 ] = 0.697

2023-02-08 16:24:43,578 - mmdet - INFO - Evaluating segm...
2023-02-08 16:24:43,823 - mmdet - INFO - 
 Average Precision  (AP) @[ IoU=0.50:0.95 | area=   all | maxDets=100 ] = 0.082
 Average Precision  (AP) @[ IoU=0.50      | area=   all | maxDets=1000 ] = 0.105
 Average Precision  (AP) @[ IoU=0.75      | area=   all | maxDets=1000 ] = 0.093
 Average Precision  (AP) @[ IoU=0.50:0.95 | area= small | maxDets=1000 ] = 0.001
 Average Precision  (AP) @[ IoU=0.50:0.95 | area=medium | maxDets=1000 ] = 0.024
 Average Precision  (AP) @[ IoU=0.50:0.95 | area= large | maxDets=1000 ] = 0.164
 Average Recall     (AR) @[ IoU=0.50:0.95 | area=   all | maxDets=100 ] = 0.712
 Average Recall     (AR) @[ IoU=0.50:0.95 | area=   all | maxDets=300 ] = 0.712
 Average Recall     (AR) @[ IoU=0.50:0.95 | area=   all | maxDets=1000 ] = 0.712
 Average Recall     (AR) @[ IoU=0.50:0.95 | area= small | maxDets=1000 ] = 0.050
 Average Recall     (AR) @[ IoU=0.50:0.95 | area=medium | maxDets=1000 ] = 0.525
 Average Recall     (AR) @[ IoU=0.50:0.95 | area= large | maxDets=1000 ] = 0.811

2023-02-08 16:24:43,825 - mmdet - INFO - Exp name: balloon.py
2023-02-08 16:24:43,825 - mmdet - INFO - Epoch(val) [1][13]	bbox_mAP: 0.0673, bbox_mAP_50: 0.0952, bbox_mAP_75: 0.0815, bbox_mAP_s: 0.0000, bbox_mAP_m: 0.0266, bbox_mAP_l: 0.1043, bbox_mAP_copypaste: 0.0673 0.0952 0.0815 0.0000 0.0266 0.1043, segm_mAP: 0.0820, segm_mAP_50: 0.1049, segm_mAP_75: 0.0929, segm_mAP_s: 0.0010, segm_mAP_m: 0.0240, segm_mAP_l: 0.1642, segm_mAP_copypaste: 0.0820 0.1049 0.0929 0.0010 0.0240 0.1642
2023-02-08 16:24:50,627 - mmdet - INFO - Epoch [2][10/31]	lr: 2.023e-04, eta: 0:02:26, time: 0.673, data_time: 0.268, memory: 3786, loss_rpn_cls: 0.0360, loss_rpn_bbox: 0.0103, loss_cls: 0.2836, acc: 90.5371, loss_bbox: 0.3499, loss_mask: 0.2915, loss: 0.9713
2023-02-08 16:24:55,056 - mmdet - INFO - Epoch [2][20/31]	lr: 2.522e-04, eta: 0:02:15, time: 0.444, data_time: 0.034, memory: 3786, loss_rpn_cls: 0.0224, loss_rpn_bbox: 0.0167, loss_cls: 0.2642, acc: 88.6133, loss_bbox: 0.4139, loss_mask: 0.1627, loss: 0.8799
2023-02-08 16:24:59,506 - mmdet - INFO - Epoch [2][30/31]	lr: 3.022e-04, eta: 0:02:07, time: 0.444, data_time: 0.023, memory: 3786, loss_rpn_cls: 0.0306, loss_rpn_bbox: 0.0124, loss_cls: 0.2304, acc: 89.0430, loss_bbox: 0.4055, loss_mask: 0.1733, loss: 0.8522
2023-02-08 16:25:09,088 - mmdet - INFO - Evaluating bbox...
2023-02-08 16:25:09,250 - mmdet - INFO - 
 Average Precision  (AP) @[ IoU=0.50:0.95 | area=   all | maxDets=100 ] = 0.545
 Average Precision  (AP) @[ IoU=0.50      | area=   all | maxDets=1000 ] = 0.732
 Average Precision  (AP) @[ IoU=0.75      | area=   all | maxDets=1000 ] = 0.717
 Average Precision  (AP) @[ IoU=0.50:0.95 | area= small | maxDets=1000 ] = 0.000
 Average Precision  (AP) @[ IoU=0.50:0.95 | area=medium | maxDets=1000 ] = 0.416
 Average Precision  (AP) @[ IoU=0.50:0.95 | area= large | maxDets=1000 ] = 0.629
 Average Recall     (AR) @[ IoU=0.50:0.95 | area=   all | maxDets=100 ] = 0.672
 Average Recall     (AR) @[ IoU=0.50:0.95 | area=   all | maxDets=300 ] = 0.672
 Average Recall     (AR) @[ IoU=0.50:0.95 | area=   all | maxDets=1000 ] = 0.672
 Average Recall     (AR) @[ IoU=0.50:0.95 | area= small | maxDets=1000 ] = 0.000
 Average Recall     (AR) @[ IoU=0.50:0.95 | area=medium | maxDets=1000 ] = 0.633
 Average Recall     (AR) @[ IoU=0.50:0.95 | area= large | maxDets=1000 ] = 0.722

2023-02-08 16:25:09,250 - mmdet - INFO - Evaluating segm...
2023-02-08 16:25:09,462 - mmdet - INFO - 
 Average Precision  (AP) @[ IoU=0.50:0.95 | area=   all | maxDets=100 ] = 0.669
 Average Precision  (AP) @[ IoU=0.50      | area=   all | maxDets=1000 ] = 0.731
 Average Precision  (AP) @[ IoU=0.75      | area=   all | maxDets=1000 ] = 0.724
 Average Precision  (AP) @[ IoU=0.50:0.95 | area= small | maxDets=1000 ] = 0.003
 Average Precision  (AP) @[ IoU=0.50:0.95 | area=medium | maxDets=1000 ] = 0.449
 Average Precision  (AP) @[ IoU=0.50:0.95 | area= large | maxDets=1000 ] = 0.772
 Average Recall     (AR) @[ IoU=0.50:0.95 | area=   all | maxDets=100 ] = 0.816
 Average Recall     (AR) @[ IoU=0.50:0.95 | area=   all | maxDets=300 ] = 0.816
 Average Recall     (AR) @[ IoU=0.50:0.95 | area=   all | maxDets=1000 ] = 0.816
 Average Recall     (AR) @[ IoU=0.50:0.95 | area= small | maxDets=1000 ] = 0.200
 Average Recall     (AR) @[ IoU=0.50:0.95 | area=medium | maxDets=1000 ] = 0.800
 Average Recall     (AR) @[ IoU=0.50:0.95 | area= large | maxDets=1000 ] = 0.856

2023-02-08 16:25:09,463 - mmdet - INFO - Exp name: balloon.py
2023-02-08 16:25:09,463 - mmdet - INFO - Epoch(val) [2][13]	bbox_mAP: 0.5452, bbox_mAP_50: 0.7317, bbox_mAP_75: 0.7168, bbox_mAP_s: 0.0000, bbox_mAP_m: 0.4162, bbox_mAP_l: 0.6286, bbox_mAP_copypaste: 0.5452 0.7317 0.7168 0.0000 0.4162 0.6286, segm_mAP: 0.6694, segm_mAP_50: 0.7309, segm_mAP_75: 0.7244, segm_mAP_s: 0.0032, segm_mAP_m: 0.4492, segm_mAP_l: 0.7716, segm_mAP_copypaste: 0.6694 0.7309 0.7244 0.0032 0.4492 0.7716
2023-02-08 16:25:16,131 - mmdet - INFO - Epoch [3][10/31]	lr: 3.571e-04, eta: 0:02:04, time: 0.659, data_time: 0.261, memory: 3889, loss_rpn_cls: 0.0236, loss_rpn_bbox: 0.0100, loss_cls: 0.1805, acc: 90.8887, loss_bbox: 0.3286, loss_mask: 0.0907, loss: 0.6335
2023-02-08 16:25:20,629 - mmdet - INFO - Epoch [3][20/31]	lr: 4.071e-04, eta: 0:01:57, time: 0.450, data_time: 0.038, memory: 3889, loss_rpn_cls: 0.0126, loss_rpn_bbox: 0.0098, loss_cls: 0.1975, acc: 88.7891, loss_bbox: 0.4250, loss_mask: 0.1047, loss: 0.7496
2023-02-08 16:25:25,176 - mmdet - INFO - Epoch [3][30/31]	lr: 4.570e-04, eta: 0:01:50, time: 0.455, data_time: 0.035, memory: 3889, loss_rpn_cls: 0.0156, loss_rpn_bbox: 0.0153, loss_cls: 0.1797, acc: 91.8359, loss_bbox: 0.3728, loss_mask: 0.1194, loss: 0.7029
2023-02-08 16:25:32,631 - mmdet - INFO - Evaluating bbox...
2023-02-08 16:25:32,764 - mmdet - INFO - 
 Average Precision  (AP) @[ IoU=0.50:0.95 | area=   all | maxDets=100 ] = 0.591
 Average Precision  (AP) @[ IoU=0.50      | area=   all | maxDets=1000 ] = 0.789
 Average Precision  (AP) @[ IoU=0.75      | area=   all | maxDets=1000 ] = 0.779
 Average Precision  (AP) @[ IoU=0.50:0.95 | area= small | maxDets=1000 ] = 0.101
 Average Precision  (AP) @[ IoU=0.50:0.95 | area=medium | maxDets=1000 ] = 0.517
 Average Precision  (AP) @[ IoU=0.50:0.95 | area= large | maxDets=1000 ] = 0.650
 Average Recall     (AR) @[ IoU=0.50:0.95 | area=   all | maxDets=100 ] = 0.730
 Average Recall     (AR) @[ IoU=0.50:0.95 | area=   all | maxDets=300 ] = 0.730
 Average Recall     (AR) @[ IoU=0.50:0.95 | area=   all | maxDets=1000 ] = 0.730
 Average Recall     (AR) @[ IoU=0.50:0.95 | area= small | maxDets=1000 ] = 0.200
 Average Recall     (AR) @[ IoU=0.50:0.95 | area=medium | maxDets=1000 ] = 0.708
 Average Recall     (AR) @[ IoU=0.50:0.95 | area= large | maxDets=1000 ] = 0.767

2023-02-08 16:25:32,764 - mmdet - INFO - Evaluating segm...
2023-02-08 16:25:32,935 - mmdet - INFO - 
 Average Precision  (AP) @[ IoU=0.50:0.95 | area=   all | maxDets=100 ] = 0.719
 Average Precision  (AP) @[ IoU=0.50      | area=   all | maxDets=1000 ] = 0.792
 Average Precision  (AP) @[ IoU=0.75      | area=   all | maxDets=1000 ] = 0.779
 Average Precision  (AP) @[ IoU=0.50:0.95 | area= small | maxDets=1000 ] = 0.046
 Average Precision  (AP) @[ IoU=0.50:0.95 | area=medium | maxDets=1000 ] = 0.576
 Average Precision  (AP) @[ IoU=0.50:0.95 | area= large | maxDets=1000 ] = 0.797
 Average Recall     (AR) @[ IoU=0.50:0.95 | area=   all | maxDets=100 ] = 0.852
 Average Recall     (AR) @[ IoU=0.50:0.95 | area=   all | maxDets=300 ] = 0.852
 Average Recall     (AR) @[ IoU=0.50:0.95 | area=   all | maxDets=1000 ] = 0.852
 Average Recall     (AR) @[ IoU=0.50:0.95 | area= small | maxDets=1000 ] = 0.600
 Average Recall     (AR) @[ IoU=0.50:0.95 | area=medium | maxDets=1000 ] = 0.800
 Average Recall     (AR) @[ IoU=0.50:0.95 | area= large | maxDets=1000 ] = 0.883

2023-02-08 16:25:32,937 - mmdet - INFO - Exp name: balloon.py
2023-02-08 16:25:32,937 - mmdet - INFO - Epoch(val) [3][13]	bbox_mAP: 0.5909, bbox_mAP_50: 0.7892, bbox_mAP_75: 0.7788, bbox_mAP_s: 0.1010, bbox_mAP_m: 0.5171, bbox_mAP_l: 0.6500, bbox_mAP_copypaste: 0.5909 0.7892 0.7788 0.1010 0.5171 0.6500, segm_mAP: 0.7191, segm_mAP_50: 0.7916, segm_mAP_75: 0.7790, segm_mAP_s: 0.0462, segm_mAP_m: 0.5759, segm_mAP_l: 0.7970, segm_mAP_copypaste: 0.7191 0.7916 0.7790 0.0462 0.5759 0.7970
2023-02-08 16:25:40,032 - mmdet - INFO - Epoch [4][10/31]	lr: 5.120e-04, eta: 0:01:48, time: 0.703, data_time: 0.284, memory: 3889, loss_rpn_cls: 0.0130, loss_rpn_bbox: 0.0123, loss_cls: 0.1524, acc: 95.4004, loss_bbox: 0.3667, loss_mask: 0.0875, loss: 0.6318
2023-02-08 16:25:44,479 - mmdet - INFO - Epoch [4][20/31]	lr: 5.619e-04, eta: 0:01:41, time: 0.444, data_time: 0.033, memory: 3889, loss_rpn_cls: 0.0148, loss_rpn_bbox: 0.0097, loss_cls: 0.1025, acc: 96.6016, loss_bbox: 0.2555, loss_mask: 0.0818, loss: 0.4641
2023-02-08 16:25:48,890 - mmdet - INFO - Epoch [4][30/31]	lr: 6.119e-04, eta: 0:01:35, time: 0.441, data_time: 0.027, memory: 3889, loss_rpn_cls: 0.0132, loss_rpn_bbox: 0.0092, loss_cls: 0.1004, acc: 96.7871, loss_bbox: 0.2307, loss_mask: 0.0908, loss: 0.4442
2023-02-08 16:25:53,546 - mmdet - INFO - Evaluating bbox...
2023-02-08 16:25:53,615 - mmdet - INFO - 
 Average Precision  (AP) @[ IoU=0.50:0.95 | area=   all | maxDets=100 ] = 0.708
 Average Precision  (AP) @[ IoU=0.50      | area=   all | maxDets=1000 ] = 0.851
 Average Precision  (AP) @[ IoU=0.75      | area=   all | maxDets=1000 ] = 0.827
 Average Precision  (AP) @[ IoU=0.50:0.95 | area= small | maxDets=1000 ] = 0.108
 Average Precision  (AP) @[ IoU=0.50:0.95 | area=medium | maxDets=1000 ] = 0.638
 Average Precision  (AP) @[ IoU=0.50:0.95 | area= large | maxDets=1000 ] = 0.762
 Average Recall     (AR) @[ IoU=0.50:0.95 | area=   all | maxDets=100 ] = 0.792
 Average Recall     (AR) @[ IoU=0.50:0.95 | area=   all | maxDets=300 ] = 0.792
 Average Recall     (AR) @[ IoU=0.50:0.95 | area=   all | maxDets=1000 ] = 0.792
 Average Recall     (AR) @[ IoU=0.50:0.95 | area= small | maxDets=1000 ] = 0.450
 Average Recall     (AR) @[ IoU=0.50:0.95 | area=medium | maxDets=1000 ] = 0.725
 Average Recall     (AR) @[ IoU=0.50:0.95 | area= large | maxDets=1000 ] = 0.833

2023-02-08 16:25:53,615 - mmdet - INFO - Evaluating segm...
2023-02-08 16:25:53,700 - mmdet - INFO - 
 Average Precision  (AP) @[ IoU=0.50:0.95 | area=   all | maxDets=100 ] = 0.773
 Average Precision  (AP) @[ IoU=0.50      | area=   all | maxDets=1000 ] = 0.844
 Average Precision  (AP) @[ IoU=0.75      | area=   all | maxDets=1000 ] = 0.841
 Average Precision  (AP) @[ IoU=0.50:0.95 | area= small | maxDets=1000 ] = 0.075
 Average Precision  (AP) @[ IoU=0.50:0.95 | area=medium | maxDets=1000 ] = 0.656
 Average Precision  (AP) @[ IoU=0.50:0.95 | area= large | maxDets=1000 ] = 0.839
 Average Recall     (AR) @[ IoU=0.50:0.95 | area=   all | maxDets=100 ] = 0.848
 Average Recall     (AR) @[ IoU=0.50:0.95 | area=   all | maxDets=300 ] = 0.848
 Average Recall     (AR) @[ IoU=0.50:0.95 | area=   all | maxDets=1000 ] = 0.848
 Average Recall     (AR) @[ IoU=0.50:0.95 | area= small | maxDets=1000 ] = 0.600
 Average Recall     (AR) @[ IoU=0.50:0.95 | area=medium | maxDets=1000 ] = 0.775
 Average Recall     (AR) @[ IoU=0.50:0.95 | area= large | maxDets=1000 ] = 0.886

2023-02-08 16:25:53,701 - mmdet - INFO - Exp name: balloon.py
2023-02-08 16:25:53,701 - mmdet - INFO - Epoch(val) [4][13]	bbox_mAP: 0.7079, bbox_mAP_50: 0.8512, bbox_mAP_75: 0.8269, bbox_mAP_s: 0.1076, bbox_mAP_m: 0.6380, bbox_mAP_l: 0.7622, bbox_mAP_copypaste: 0.7079 0.8512 0.8269 0.1076 0.6380 0.7622, segm_mAP: 0.7728, segm_mAP_50: 0.8437, segm_mAP_75: 0.8414, segm_mAP_s: 0.0751, segm_mAP_m: 0.6562, segm_mAP_l: 0.8389, segm_mAP_copypaste: 0.7728 0.8437 0.8414 0.0751 0.6562 0.8389
2023-02-08 16:26:00,741 - mmdet - INFO - Epoch [5][10/31]	lr: 6.668e-04, eta: 0:01:31, time: 0.696, data_time: 0.269, memory: 3889, loss_rpn_cls: 0.0150, loss_rpn_bbox: 0.0195, loss_cls: 0.1196, acc: 95.7520, loss_bbox: 0.1987, loss_mask: 0.1130, loss: 0.4659
2023-02-08 16:26:05,008 - mmdet - INFO - Epoch [5][20/31]	lr: 7.168e-04, eta: 0:01:25, time: 0.427, data_time: 0.026, memory: 3889, loss_rpn_cls: 0.0134, loss_rpn_bbox: 0.0076, loss_cls: 0.0632, acc: 97.8418, loss_bbox: 0.0994, loss_mask: 0.1066, loss: 0.2902
2023-02-08 16:26:09,358 - mmdet - INFO - Epoch [5][30/31]	lr: 7.667e-04, eta: 0:01:19, time: 0.435, data_time: 0.025, memory: 3889, loss_rpn_cls: 0.0067, loss_rpn_bbox: 0.0073, loss_cls: 0.0690, acc: 97.4707, loss_bbox: 0.1107, loss_mask: 0.0951, loss: 0.2887
2023-02-08 16:26:09,767 - mmdet - INFO - Saving checkpoint at 5 epochs
2023-02-08 16:26:14,147 - mmdet - INFO - Evaluating bbox...
2023-02-08 16:26:14,198 - mmdet - INFO - 
 Average Precision  (AP) @[ IoU=0.50:0.95 | area=   all | maxDets=100 ] = 0.725
 Average Precision  (AP) @[ IoU=0.50      | area=   all | maxDets=1000 ] = 0.892
 Average Precision  (AP) @[ IoU=0.75      | area=   all | maxDets=1000 ] = 0.861
 Average Precision  (AP) @[ IoU=0.50:0.95 | area= small | maxDets=1000 ] = 0.147
 Average Precision  (AP) @[ IoU=0.50:0.95 | area=medium | maxDets=1000 ] = 0.618
 Average Precision  (AP) @[ IoU=0.50:0.95 | area= large | maxDets=1000 ] = 0.778
 Average Recall     (AR) @[ IoU=0.50:0.95 | area=   all | maxDets=100 ] = 0.798
 Average Recall     (AR) @[ IoU=0.50:0.95 | area=   all | maxDets=300 ] = 0.798
 Average Recall     (AR) @[ IoU=0.50:0.95 | area=   all | maxDets=1000 ] = 0.798
 Average Recall     (AR) @[ IoU=0.50:0.95 | area= small | maxDets=1000 ] = 0.600
 Average Recall     (AR) @[ IoU=0.50:0.95 | area=medium | maxDets=1000 ] = 0.742
 Average Recall     (AR) @[ IoU=0.50:0.95 | area= large | maxDets=1000 ] = 0.828

2023-02-08 16:26:14,198 - mmdet - INFO - Evaluating segm...
2023-02-08 16:26:14,261 - mmdet - INFO - 
 Average Precision  (AP) @[ IoU=0.50:0.95 | area=   all | maxDets=100 ] = 0.781
 Average Precision  (AP) @[ IoU=0.50      | area=   all | maxDets=1000 ] = 0.885
 Average Precision  (AP) @[ IoU=0.75      | area=   all | maxDets=1000 ] = 0.874
 Average Precision  (AP) @[ IoU=0.50:0.95 | area= small | maxDets=1000 ] = 0.084
 Average Precision  (AP) @[ IoU=0.50:0.95 | area=medium | maxDets=1000 ] = 0.644
 Average Precision  (AP) @[ IoU=0.50:0.95 | area= large | maxDets=1000 ] = 0.837
 Average Recall     (AR) @[ IoU=0.50:0.95 | area=   all | maxDets=100 ] = 0.846
 Average Recall     (AR) @[ IoU=0.50:0.95 | area=   all | maxDets=300 ] = 0.846
 Average Recall     (AR) @[ IoU=0.50:0.95 | area=   all | maxDets=1000 ] = 0.846
 Average Recall     (AR) @[ IoU=0.50:0.95 | area= small | maxDets=1000 ] = 0.650
 Average Recall     (AR) @[ IoU=0.50:0.95 | area=medium | maxDets=1000 ] = 0.800
 Average Recall     (AR) @[ IoU=0.50:0.95 | area= large | maxDets=1000 ] = 0.872

2023-02-08 16:26:14,262 - mmdet - INFO - Exp name: balloon.py
2023-02-08 16:26:14,262 - mmdet - INFO - Epoch(val) [5][13]	bbox_mAP: 0.7252, bbox_mAP_50: 0.8917, bbox_mAP_75: 0.8609, bbox_mAP_s: 0.1466, bbox_mAP_m: 0.6179, bbox_mAP_l: 0.7776, bbox_mAP_copypaste: 0.7252 0.8917 0.8609 0.1466 0.6179 0.7776, segm_mAP: 0.7811, segm_mAP_50: 0.8851, segm_mAP_75: 0.8744, segm_mAP_s: 0.0838, segm_mAP_m: 0.6436, segm_mAP_l: 0.8370, segm_mAP_copypaste: 0.7811 0.8851 0.8744 0.0838 0.6436 0.8370
2023-02-08 16:26:21,227 - mmdet - INFO - Epoch [6][10/31]	lr: 8.217e-04, eta: 0:01:14, time: 0.689, data_time: 0.270, memory: 3889, loss_rpn_cls: 0.0095, loss_rpn_bbox: 0.0149, loss_cls: 0.0971, acc: 96.3770, loss_bbox: 0.1451, loss_mask: 0.1178, loss: 0.3843
2023-02-08 16:26:25,525 - mmdet - INFO - Epoch [6][20/31]	lr: 8.716e-04, eta: 0:01:08, time: 0.430, data_time: 0.031, memory: 3889, loss_rpn_cls: 0.0063, loss_rpn_bbox: 0.0074, loss_cls: 0.0678, acc: 97.4316, loss_bbox: 0.0708, loss_mask: 0.0636, loss: 0.2158
2023-02-08 16:26:29,842 - mmdet - INFO - Epoch [6][30/31]	lr: 9.216e-04, eta: 0:01:03, time: 0.433, data_time: 0.027, memory: 3889, loss_rpn_cls: 0.0065, loss_rpn_bbox: 0.0068, loss_cls: 0.0549, acc: 97.9785, loss_bbox: 0.0768, loss_mask: 0.0813, loss: 0.2263
2023-02-08 16:26:32,893 - mmdet - INFO - Evaluating bbox...
2023-02-08 16:26:32,931 - mmdet - INFO - 
 Average Precision  (AP) @[ IoU=0.50:0.95 | area=   all | maxDets=100 ] = 0.731
 Average Precision  (AP) @[ IoU=0.50      | area=   all | maxDets=1000 ] = 0.885
 Average Precision  (AP) @[ IoU=0.75      | area=   all | maxDets=1000 ] = 0.861
 Average Precision  (AP) @[ IoU=0.50:0.95 | area= small | maxDets=1000 ] = 0.174
 Average Precision  (AP) @[ IoU=0.50:0.95 | area=medium | maxDets=1000 ] = 0.594
 Average Precision  (AP) @[ IoU=0.50:0.95 | area= large | maxDets=1000 ] = 0.795
 Average Recall     (AR) @[ IoU=0.50:0.95 | area=   all | maxDets=100 ] = 0.804
 Average Recall     (AR) @[ IoU=0.50:0.95 | area=   all | maxDets=300 ] = 0.804
 Average Recall     (AR) @[ IoU=0.50:0.95 | area=   all | maxDets=1000 ] = 0.804
 Average Recall     (AR) @[ IoU=0.50:0.95 | area= small | maxDets=1000 ] = 0.600
 Average Recall     (AR) @[ IoU=0.50:0.95 | area=medium | maxDets=1000 ] = 0.708
 Average Recall     (AR) @[ IoU=0.50:0.95 | area= large | maxDets=1000 ] = 0.847

2023-02-08 16:26:32,932 - mmdet - INFO - Evaluating segm...
2023-02-08 16:26:32,978 - mmdet - INFO - 
 Average Precision  (AP) @[ IoU=0.50:0.95 | area=   all | maxDets=100 ] = 0.789
 Average Precision  (AP) @[ IoU=0.50      | area=   all | maxDets=1000 ] = 0.885
 Average Precision  (AP) @[ IoU=0.75      | area=   all | maxDets=1000 ] = 0.868
 Average Precision  (AP) @[ IoU=0.50:0.95 | area= small | maxDets=1000 ] = 0.085
 Average Precision  (AP) @[ IoU=0.50:0.95 | area=medium | maxDets=1000 ] = 0.643
 Average Precision  (AP) @[ IoU=0.50:0.95 | area= large | maxDets=1000 ] = 0.853
 Average Recall     (AR) @[ IoU=0.50:0.95 | area=   all | maxDets=100 ] = 0.848
 Average Recall     (AR) @[ IoU=0.50:0.95 | area=   all | maxDets=300 ] = 0.848
 Average Recall     (AR) @[ IoU=0.50:0.95 | area=   all | maxDets=1000 ] = 0.848
 Average Recall     (AR) @[ IoU=0.50:0.95 | area= small | maxDets=1000 ] = 0.650
 Average Recall     (AR) @[ IoU=0.50:0.95 | area=medium | maxDets=1000 ] = 0.767
 Average Recall     (AR) @[ IoU=0.50:0.95 | area= large | maxDets=1000 ] = 0.886

2023-02-08 16:26:32,979 - mmdet - INFO - Exp name: balloon.py
2023-02-08 16:26:32,980 - mmdet - INFO - Epoch(val) [6][13]	bbox_mAP: 0.7308, bbox_mAP_50: 0.8855, bbox_mAP_75: 0.8605, bbox_mAP_s: 0.1737, bbox_mAP_m: 0.5942, bbox_mAP_l: 0.7952, bbox_mAP_copypaste: 0.7308 0.8855 0.8605 0.1737 0.5942 0.7952, segm_mAP: 0.7891, segm_mAP_50: 0.8855, segm_mAP_75: 0.8680, segm_mAP_s: 0.0852, segm_mAP_m: 0.6426, segm_mAP_l: 0.8526, segm_mAP_copypaste: 0.7891 0.8855 0.8680 0.0852 0.6426 0.8526
2023-02-08 16:26:39,960 - mmdet - INFO - Epoch [7][10/31]	lr: 9.765e-04, eta: 0:00:58, time: 0.691, data_time: 0.261, memory: 3889, loss_rpn_cls: 0.0042, loss_rpn_bbox: 0.0103, loss_cls: 0.0671, acc: 97.2852, loss_bbox: 0.1026, loss_mask: 0.0927, loss: 0.2769
2023-02-08 16:26:44,415 - mmdet - INFO - Epoch [7][20/31]	lr: 1.026e-03, eta: 0:00:53, time: 0.445, data_time: 0.039, memory: 3889, loss_rpn_cls: 0.0057, loss_rpn_bbox: 0.0111, loss_cls: 0.0672, acc: 97.5293, loss_bbox: 0.0918, loss_mask: 0.0745, loss: 0.2504
2023-02-08 16:26:48,763 - mmdet - INFO - Epoch [7][30/31]	lr: 1.076e-03, eta: 0:00:47, time: 0.435, data_time: 0.026, memory: 3889, loss_rpn_cls: 0.0054, loss_rpn_bbox: 0.0056, loss_cls: 0.0533, acc: 98.0664, loss_bbox: 0.0671, loss_mask: 0.0679, loss: 0.1993
2023-02-08 16:26:51,954 - mmdet - INFO - Evaluating bbox...
2023-02-08 16:26:51,997 - mmdet - INFO - 
 Average Precision  (AP) @[ IoU=0.50:0.95 | area=   all | maxDets=100 ] = 0.727
 Average Precision  (AP) @[ IoU=0.50      | area=   all | maxDets=1000 ] = 0.883
 Average Precision  (AP) @[ IoU=0.75      | area=   all | maxDets=1000 ] = 0.883
 Average Precision  (AP) @[ IoU=0.50:0.95 | area= small | maxDets=1000 ] = 0.151
 Average Precision  (AP) @[ IoU=0.50:0.95 | area=medium | maxDets=1000 ] = 0.655
 Average Precision  (AP) @[ IoU=0.50:0.95 | area= large | maxDets=1000 ] = 0.778
 Average Recall     (AR) @[ IoU=0.50:0.95 | area=   all | maxDets=100 ] = 0.796
 Average Recall     (AR) @[ IoU=0.50:0.95 | area=   all | maxDets=300 ] = 0.796
 Average Recall     (AR) @[ IoU=0.50:0.95 | area=   all | maxDets=1000 ] = 0.796
 Average Recall     (AR) @[ IoU=0.50:0.95 | area= small | maxDets=1000 ] = 0.450
 Average Recall     (AR) @[ IoU=0.50:0.95 | area=medium | maxDets=1000 ] = 0.767
 Average Recall     (AR) @[ IoU=0.50:0.95 | area= large | maxDets=1000 ] = 0.825

2023-02-08 16:26:51,997 - mmdet - INFO - Evaluating segm...
2023-02-08 16:26:52,046 - mmdet - INFO - 
 Average Precision  (AP) @[ IoU=0.50:0.95 | area=   all | maxDets=100 ] = 0.786
 Average Precision  (AP) @[ IoU=0.50      | area=   all | maxDets=1000 ] = 0.873
 Average Precision  (AP) @[ IoU=0.75      | area=   all | maxDets=1000 ] = 0.873
 Average Precision  (AP) @[ IoU=0.50:0.95 | area= small | maxDets=1000 ] = 0.058
 Average Precision  (AP) @[ IoU=0.50:0.95 | area=medium | maxDets=1000 ] = 0.633
 Average Precision  (AP) @[ IoU=0.50:0.95 | area= large | maxDets=1000 ] = 0.856
 Average Recall     (AR) @[ IoU=0.50:0.95 | area=   all | maxDets=100 ] = 0.836
 Average Recall     (AR) @[ IoU=0.50:0.95 | area=   all | maxDets=300 ] = 0.836
 Average Recall     (AR) @[ IoU=0.50:0.95 | area=   all | maxDets=1000 ] = 0.836
 Average Recall     (AR) @[ IoU=0.50:0.95 | area= small | maxDets=1000 ] = 0.400
 Average Recall     (AR) @[ IoU=0.50:0.95 | area=medium | maxDets=1000 ] = 0.758
 Average Recall     (AR) @[ IoU=0.50:0.95 | area= large | maxDets=1000 ] = 0.886

2023-02-08 16:26:52,047 - mmdet - INFO - Exp name: balloon.py
2023-02-08 16:26:52,047 - mmdet - INFO - Epoch(val) [7][13]	bbox_mAP: 0.7265, bbox_mAP_50: 0.8830, bbox_mAP_75: 0.8830, bbox_mAP_s: 0.1515, bbox_mAP_m: 0.6547, bbox_mAP_l: 0.7782, bbox_mAP_copypaste: 0.7265 0.8830 0.8830 0.1515 0.6547 0.7782, segm_mAP: 0.7861, segm_mAP_50: 0.8730, segm_mAP_75: 0.8730, segm_mAP_s: 0.0577, segm_mAP_m: 0.6332, segm_mAP_l: 0.8556, segm_mAP_copypaste: 0.7861 0.8730 0.8730 0.0577 0.6332 0.8556
2023-02-08 16:26:58,813 - mmdet - INFO - Epoch [8][10/31]	lr: 1.131e-03, eta: 0:00:42, time: 0.669, data_time: 0.263, memory: 3889, loss_rpn_cls: 0.0041, loss_rpn_bbox: 0.0053, loss_cls: 0.0453, acc: 98.2617, loss_bbox: 0.0565, loss_mask: 0.0596, loss: 0.1709
2023-02-08 16:27:03,120 - mmdet - INFO - Epoch [8][20/31]	lr: 1.181e-03, eta: 0:00:37, time: 0.431, data_time: 0.028, memory: 3889, loss_rpn_cls: 0.0027, loss_rpn_bbox: 0.0050, loss_cls: 0.0494, acc: 97.9980, loss_bbox: 0.0683, loss_mask: 0.0748, loss: 0.2002
2023-02-08 16:27:07,745 - mmdet - INFO - Epoch [8][30/31]	lr: 1.231e-03, eta: 0:00:31, time: 0.463, data_time: 0.038, memory: 3889, loss_rpn_cls: 0.0068, loss_rpn_bbox: 0.0144, loss_cls: 0.0787, acc: 96.9141, loss_bbox: 0.1069, loss_mask: 0.1024, loss: 0.3092
2023-02-08 16:27:10,813 - mmdet - INFO - Evaluating bbox...
2023-02-08 16:27:10,849 - mmdet - INFO - 
 Average Precision  (AP) @[ IoU=0.50:0.95 | area=   all | maxDets=100 ] = 0.746
 Average Precision  (AP) @[ IoU=0.50      | area=   all | maxDets=1000 ] = 0.890
 Average Precision  (AP) @[ IoU=0.75      | area=   all | maxDets=1000 ] = 0.890
 Average Precision  (AP) @[ IoU=0.50:0.95 | area= small | maxDets=1000 ] = 0.202
 Average Precision  (AP) @[ IoU=0.50:0.95 | area=medium | maxDets=1000 ] = 0.614
 Average Precision  (AP) @[ IoU=0.50:0.95 | area= large | maxDets=1000 ] = 0.813
 Average Recall     (AR) @[ IoU=0.50:0.95 | area=   all | maxDets=100 ] = 0.804
 Average Recall     (AR) @[ IoU=0.50:0.95 | area=   all | maxDets=300 ] = 0.804
 Average Recall     (AR) @[ IoU=0.50:0.95 | area=   all | maxDets=1000 ] = 0.804
 Average Recall     (AR) @[ IoU=0.50:0.95 | area= small | maxDets=1000 ] = 0.400
 Average Recall     (AR) @[ IoU=0.50:0.95 | area=medium | maxDets=1000 ] = 0.733
 Average Recall     (AR) @[ IoU=0.50:0.95 | area= large | maxDets=1000 ] = 0.850

2023-02-08 16:27:10,849 - mmdet - INFO - Evaluating segm...
2023-02-08 16:27:10,891 - mmdet - INFO - 
 Average Precision  (AP) @[ IoU=0.50:0.95 | area=   all | maxDets=100 ] = 0.788
 Average Precision  (AP) @[ IoU=0.50      | area=   all | maxDets=1000 ] = 0.874
 Average Precision  (AP) @[ IoU=0.75      | area=   all | maxDets=1000 ] = 0.874
 Average Precision  (AP) @[ IoU=0.50:0.95 | area= small | maxDets=1000 ] = 0.057
 Average Precision  (AP) @[ IoU=0.50:0.95 | area=medium | maxDets=1000 ] = 0.604
 Average Precision  (AP) @[ IoU=0.50:0.95 | area= large | maxDets=1000 ] = 0.857
 Average Recall     (AR) @[ IoU=0.50:0.95 | area=   all | maxDets=100 ] = 0.836
 Average Recall     (AR) @[ IoU=0.50:0.95 | area=   all | maxDets=300 ] = 0.836
 Average Recall     (AR) @[ IoU=0.50:0.95 | area=   all | maxDets=1000 ] = 0.836
 Average Recall     (AR) @[ IoU=0.50:0.95 | area= small | maxDets=1000 ] = 0.450
 Average Recall     (AR) @[ IoU=0.50:0.95 | area=medium | maxDets=1000 ] = 0.758
 Average Recall     (AR) @[ IoU=0.50:0.95 | area= large | maxDets=1000 ] = 0.883

2023-02-08 16:27:10,891 - mmdet - INFO - Exp name: balloon.py
2023-02-08 16:27:10,891 - mmdet - INFO - Epoch(val) [8][13]	bbox_mAP: 0.7461, bbox_mAP_50: 0.8902, bbox_mAP_75: 0.8902, bbox_mAP_s: 0.2020, bbox_mAP_m: 0.6140, bbox_mAP_l: 0.8128, bbox_mAP_copypaste: 0.7461 0.8902 0.8902 0.2020 0.6140 0.8128, segm_mAP: 0.7884, segm_mAP_50: 0.8743, segm_mAP_75: 0.8743, segm_mAP_s: 0.0568, segm_mAP_m: 0.6040, segm_mAP_l: 0.8571, segm_mAP_copypaste: 0.7884 0.8743 0.8743 0.0568 0.6040 0.8571
2023-02-08 16:27:17,783 - mmdet - INFO - Epoch [9][10/31]	lr: 1.286e-03, eta: 0:00:26, time: 0.682, data_time: 0.266, memory: 3889, loss_rpn_cls: 0.0034, loss_rpn_bbox: 0.0089, loss_cls: 0.0587, acc: 97.8027, loss_bbox: 0.0880, loss_mask: 0.0766, loss: 0.2355
2023-02-08 16:27:22,213 - mmdet - INFO - Epoch [9][20/31]	lr: 1.336e-03, eta: 0:00:21, time: 0.444, data_time: 0.027, memory: 3889, loss_rpn_cls: 0.0025, loss_rpn_bbox: 0.0069, loss_cls: 0.0429, acc: 98.2812, loss_bbox: 0.0698, loss_mask: 0.0594, loss: 0.1816
2023-02-08 16:27:26,747 - mmdet - INFO - Epoch [9][30/31]	lr: 1.386e-03, eta: 0:00:16, time: 0.453, data_time: 0.030, memory: 3889, loss_rpn_cls: 0.0043, loss_rpn_bbox: 0.0094, loss_cls: 0.0502, acc: 98.0859, loss_bbox: 0.0699, loss_mask: 0.0721, loss: 0.2059
2023-02-08 16:27:29,446 - mmdet - INFO - Evaluating bbox...
2023-02-08 16:27:29,478 - mmdet - INFO - 
 Average Precision  (AP) @[ IoU=0.50:0.95 | area=   all | maxDets=100 ] = 0.737
 Average Precision  (AP) @[ IoU=0.50      | area=   all | maxDets=1000 ] = 0.890
 Average Precision  (AP) @[ IoU=0.75      | area=   all | maxDets=1000 ] = 0.890
 Average Precision  (AP) @[ IoU=0.50:0.95 | area= small | maxDets=1000 ] = 0.404
 Average Precision  (AP) @[ IoU=0.50:0.95 | area=medium | maxDets=1000 ] = 0.607
 Average Precision  (AP) @[ IoU=0.50:0.95 | area= large | maxDets=1000 ] = 0.794
 Average Recall     (AR) @[ IoU=0.50:0.95 | area=   all | maxDets=100 ] = 0.794
 Average Recall     (AR) @[ IoU=0.50:0.95 | area=   all | maxDets=300 ] = 0.794
 Average Recall     (AR) @[ IoU=0.50:0.95 | area=   all | maxDets=1000 ] = 0.794
 Average Recall     (AR) @[ IoU=0.50:0.95 | area= small | maxDets=1000 ] = 0.400
 Average Recall     (AR) @[ IoU=0.50:0.95 | area=medium | maxDets=1000 ] = 0.733
 Average Recall     (AR) @[ IoU=0.50:0.95 | area= large | maxDets=1000 ] = 0.836

2023-02-08 16:27:29,478 - mmdet - INFO - Evaluating segm...
2023-02-08 16:27:29,514 - mmdet - INFO - 
 Average Precision  (AP) @[ IoU=0.50:0.95 | area=   all | maxDets=100 ] = 0.792
 Average Precision  (AP) @[ IoU=0.50      | area=   all | maxDets=1000 ] = 0.876
 Average Precision  (AP) @[ IoU=0.75      | area=   all | maxDets=1000 ] = 0.876
 Average Precision  (AP) @[ IoU=0.50:0.95 | area= small | maxDets=1000 ] = 0.404
 Average Precision  (AP) @[ IoU=0.50:0.95 | area=medium | maxDets=1000 ] = 0.625
 Average Precision  (AP) @[ IoU=0.50:0.95 | area= large | maxDets=1000 ] = 0.856
 Average Recall     (AR) @[ IoU=0.50:0.95 | area=   all | maxDets=100 ] = 0.840
 Average Recall     (AR) @[ IoU=0.50:0.95 | area=   all | maxDets=300 ] = 0.840
 Average Recall     (AR) @[ IoU=0.50:0.95 | area=   all | maxDets=1000 ] = 0.840
 Average Recall     (AR) @[ IoU=0.50:0.95 | area= small | maxDets=1000 ] = 0.400
 Average Recall     (AR) @[ IoU=0.50:0.95 | area=medium | maxDets=1000 ] = 0.767
 Average Recall     (AR) @[ IoU=0.50:0.95 | area= large | maxDets=1000 ] = 0.889

2023-02-08 16:27:29,515 - mmdet - INFO - Exp name: balloon.py
2023-02-08 16:27:29,515 - mmdet - INFO - Epoch(val) [9][13]	bbox_mAP: 0.7374, bbox_mAP_50: 0.8901, bbox_mAP_75: 0.8901, bbox_mAP_s: 0.4040, bbox_mAP_m: 0.6073, bbox_mAP_l: 0.7943, bbox_mAP_copypaste: 0.7374 0.8901 0.8901 0.4040 0.6073 0.7943, segm_mAP: 0.7919, segm_mAP_50: 0.8755, segm_mAP_75: 0.8755, segm_mAP_s: 0.4040, segm_mAP_m: 0.6249, segm_mAP_l: 0.8557, segm_mAP_copypaste: 0.7919 0.8755 0.8755 0.4040 0.6249 0.8557
2023-02-08 16:27:36,304 - mmdet - INFO - Epoch [10][10/31]	lr: 1.441e-03, eta: 0:00:10, time: 0.671, data_time: 0.262, memory: 3889, loss_rpn_cls: 0.0014, loss_rpn_bbox: 0.0080, loss_cls: 0.0494, acc: 98.1543, loss_bbox: 0.0693, loss_mask: 0.0653, loss: 0.1934
2023-02-08 16:27:40,545 - mmdet - INFO - Epoch [10][20/31]	lr: 1.491e-03, eta: 0:00:05, time: 0.424, data_time: 0.025, memory: 3889, loss_rpn_cls: 0.0018, loss_rpn_bbox: 0.0036, loss_cls: 0.0320, acc: 98.7695, loss_bbox: 0.0490, loss_mask: 0.0623, loss: 0.1486
2023-02-08 16:27:44,848 - mmdet - INFO - Epoch [10][30/31]	lr: 1.541e-03, eta: 0:00:00, time: 0.431, data_time: 0.034, memory: 3889, loss_rpn_cls: 0.0048, loss_rpn_bbox: 0.0104, loss_cls: 0.0498, acc: 98.1152, loss_bbox: 0.0764, loss_mask: 0.0786, loss: 0.2199
2023-02-08 16:27:45,336 - mmdet - INFO - Saving checkpoint at 10 epochs
2023-02-08 16:27:48,606 - mmdet - INFO - Evaluating bbox...
2023-02-08 16:27:48,638 - mmdet - INFO - 
 Average Precision  (AP) @[ IoU=0.50:0.95 | area=   all | maxDets=100 ] = 0.777
 Average Precision  (AP) @[ IoU=0.50      | area=   all | maxDets=1000 ] = 0.892
 Average Precision  (AP) @[ IoU=0.75      | area=   all | maxDets=1000 ] = 0.892
 Average Precision  (AP) @[ IoU=0.50:0.95 | area= small | maxDets=1000 ] = 0.454
 Average Precision  (AP) @[ IoU=0.50:0.95 | area=medium | maxDets=1000 ] = 0.656
 Average Precision  (AP) @[ IoU=0.50:0.95 | area= large | maxDets=1000 ] = 0.842
 Average Recall     (AR) @[ IoU=0.50:0.95 | area=   all | maxDets=100 ] = 0.832
 Average Recall     (AR) @[ IoU=0.50:0.95 | area=   all | maxDets=300 ] = 0.832
 Average Recall     (AR) @[ IoU=0.50:0.95 | area=   all | maxDets=1000 ] = 0.832
 Average Recall     (AR) @[ IoU=0.50:0.95 | area= small | maxDets=1000 ] = 0.450
 Average Recall     (AR) @[ IoU=0.50:0.95 | area=medium | maxDets=1000 ] = 0.742
 Average Recall     (AR) @[ IoU=0.50:0.95 | area= large | maxDets=1000 ] = 0.883

2023-02-08 16:27:48,638 - mmdet - INFO - Evaluating segm...
2023-02-08 16:27:48,672 - mmdet - INFO - 
 Average Precision  (AP) @[ IoU=0.50:0.95 | area=   all | maxDets=100 ] = 0.796
 Average Precision  (AP) @[ IoU=0.50      | area=   all | maxDets=1000 ] = 0.892
 Average Precision  (AP) @[ IoU=0.75      | area=   all | maxDets=1000 ] = 0.877
 Average Precision  (AP) @[ IoU=0.50:0.95 | area= small | maxDets=1000 ] = 0.404
 Average Precision  (AP) @[ IoU=0.50:0.95 | area=medium | maxDets=1000 ] = 0.642
 Average Precision  (AP) @[ IoU=0.50:0.95 | area= large | maxDets=1000 ] = 0.861
 Average Recall     (AR) @[ IoU=0.50:0.95 | area=   all | maxDets=100 ] = 0.840
 Average Recall     (AR) @[ IoU=0.50:0.95 | area=   all | maxDets=300 ] = 0.840
 Average Recall     (AR) @[ IoU=0.50:0.95 | area=   all | maxDets=1000 ] = 0.840
 Average Recall     (AR) @[ IoU=0.50:0.95 | area= small | maxDets=1000 ] = 0.400
 Average Recall     (AR) @[ IoU=0.50:0.95 | area=medium | maxDets=1000 ] = 0.758
 Average Recall     (AR) @[ IoU=0.50:0.95 | area= large | maxDets=1000 ] = 0.892

2023-02-08 16:27:48,673 - mmdet - INFO - Exp name: balloon.py
2023-02-08 16:27:48,673 - mmdet - INFO - Epoch(val) [10][13]	bbox_mAP: 0.7773, bbox_mAP_50: 0.8919, bbox_mAP_75: 0.8919, bbox_mAP_s: 0.4545, bbox_mAP_m: 0.6558, bbox_mAP_l: 0.8424, bbox_mAP_copypaste: 0.7773 0.8919 0.8919 0.4545 0.6558 0.8424, segm_mAP: 0.7957, segm_mAP_50: 0.8919, segm_mAP_75: 0.8772, segm_mAP_s: 0.4040, segm_mAP_m: 0.6420, segm_mAP_l: 0.8613, segm_mAP_copypaste: 0.7957 0.8919 0.8772 0.4040 0.6420 0.8613
